<?xml version="1.0" encoding="UTF-8"?>
<!-- Generated by org.testng.reporters.JUnitReportReporter -->
<testsuite hostname="LAPTOP-0M17UIVA" failures="0" tests="1" name="testng.parameterization.ParameterizationExample" time="8.329" errors="0" timestamp="2024-04-02T19:56:31 IST" skipped="0">
  <testcase classname="testng.parameterization.ParameterizationExample" name="verifySearchCoursesOnGoogle" time="8.329"/>
</testsuite> <!-- testng.parameterization.ParameterizationExample -->
