<?xml version="1.0" encoding="UTF-8"?>
<!-- Generated by org.testng.reporters.JUnitReportReporter -->
<testsuite hostname="LAPTOP-0M17UIVA" failures="0" tests="3" name="testng.parameterization.DataProviderWithExcel" time="21.488" errors="0" timestamp="2024-04-02T19:56:31 IST" skipped="0">
  <testcase classname="testng.parameterization.DataProviderWithExcel" name="verifySearchValidCourseNameWithCity" time="7.126"/>
  <testcase classname="testng.parameterization.DataProviderWithExcel" name="verifySearchValidCourseNameWithCity" time="7.368"/>
  <testcase classname="testng.parameterization.DataProviderWithExcel" name="verifySearchValidCourseNameWithCity" time="6.994"/>
</testsuite> <!-- testng.parameterization.DataProviderWithExcel -->
